<?xml version="1.0" encoding="UTF-8"?>
<!-- Generated by org.testng.reporters.JUnitReportReporter -->
<testsuite skipped="0" hostname="ASIL-MORANG" name="browserTest.browserTest" tests="1" failures="0" timestamp="2020-02-10T20:32:41 IST" time="102.995" errors="0">
  <testcase name="checkNumOfJobs" time="102.995" classname="browserTest.browserTest"/>
  <system-out/>
</testsuite> <!-- browserTest.browserTest -->
